57.0 APEX_CODE,FINEST;APEX_PROFILING,INFO;CALLOUT,INFO;DB,INFO;NBA,INFO;SYSTEM,DEBUG;VALIDATION,INFO;VISUALFORCE,INFO;WAVE,INFO;WORKFLOW,INFO
Execute Anonymous: PostManHttpCallout ts = new PostManHttpCallout();
Execute Anonymous: ts.PostManHttpCallout();
05:24:38.1 (1610980)|USER_INFO|[EXTERNAL]|0055j0000069885|sainiravi0086@brave-wolf-sq0nrv.com|(GMT-07:00) Pacific Daylight Time (America/Los_Angeles)|GMT-07:00
05:24:38.1 (1648886)|EXECUTION_STARTED
05:24:38.1 (1657853)|CODE_UNIT_STARTED|[EXTERNAL]|execute_anonymous_apex
05:24:38.1 (10932087)|VARIABLE_SCOPE_BEGIN|[1]|ts|PostManHttpCallout|true|false
05:24:38.1 (11154376)|HEAP_ALLOCATE|[79]|Bytes:3
05:24:38.1 (11202017)|HEAP_ALLOCATE|[84]|Bytes:152
05:24:38.1 (11219259)|HEAP_ALLOCATE|[399]|Bytes:408
05:24:38.1 (11237557)|HEAP_ALLOCATE|[412]|Bytes:408
05:24:38.1 (11253817)|HEAP_ALLOCATE|[520]|Bytes:48
05:24:38.1 (11281454)|HEAP_ALLOCATE|[139]|Bytes:6
05:24:38.1 (11306677)|HEAP_ALLOCATE|[EXTERNAL]|Bytes:3
05:24:38.1 (11350326)|STATEMENT_EXECUTE|[1]
05:24:38.1 (11353050)|STATEMENT_EXECUTE|[1]
05:24:38.1 (11356402)|HEAP_ALLOCATE|[1]|Bytes:1
05:24:38.1 (11368086)|HEAP_ALLOCATE|[1]|Bytes:8
05:24:38.1 (11445759)|METHOD_ENTRY|[1]|01p5j00000N13Ng|PostManHttpCallout.PostManHttpCallout()
05:24:38.1 (11464358)|STATEMENT_EXECUTE|[1]
05:24:38.1 (11476486)|STATEMENT_EXECUTE|[1]
05:24:38.1 (11483864)|METHOD_EXIT|[1]|PostManHttpCallout
05:24:38.1 (11505229)|HEAP_ALLOCATE|[1]|Bytes:4
05:24:38.1 (11540323)|HEAP_ALLOCATE|[52]|Bytes:5
05:24:38.1 (11569733)|HEAP_ALLOCATE|[58]|Bytes:5
05:24:38.1 (11580339)|HEAP_ALLOCATE|[66]|Bytes:7
05:24:38.1 (11612536)|SYSTEM_MODE_ENTER|false
05:24:38.1 (11641403)|HEAP_ALLOCATE|[1]|Bytes:5
05:24:38.1 (11669675)|CONSTRUCTOR_ENTRY|[1]|01p5j00000N13Ng|<init>()|PostManHttpCallout
05:24:38.1 (11728764)|VARIABLE_SCOPE_BEGIN|[1]|this|PostManHttpCallout|true|false
05:24:38.1 (11908427)|VARIABLE_ASSIGNMENT|[1]|this|{}|0x3b909793
05:24:38.1 (11924792)|HEAP_ALLOCATE|[EXTERNAL]|Bytes:6
05:24:38.1 (13566579)|STATEMENT_EXECUTE|[1]
05:24:38.1 (13584478)|CONSTRUCTOR_EXIT|[1]|01p5j00000N13Ng|<init>()|PostManHttpCallout
05:24:38.1 (13616182)|SYSTEM_MODE_EXIT|false
05:24:38.1 (13688642)|VARIABLE_ASSIGNMENT|[1]|ts|{}|0x3b909793
05:24:38.1 (13698690)|STATEMENT_EXECUTE|[2]
05:24:38.1 (13729492)|SYSTEM_MODE_ENTER|false
05:24:38.1 (13747682)|HEAP_ALLOCATE|[2]|Bytes:5
05:24:38.1 (13798049)|METHOD_ENTRY|[2]|01p5j00000N13Ng|PostManHttpCallout.PostManHttpCallout()
05:24:38.1 (13843847)|VARIABLE_SCOPE_BEGIN|[2]|this|PostManHttpCallout|true|false
05:24:38.1 (13886458)|VARIABLE_ASSIGNMENT|[2]|this|{}|0x3b909793
05:24:38.1 (13903488)|STATEMENT_EXECUTE|[2]
05:24:38.1 (13905717)|STATEMENT_EXECUTE|[3]
05:24:38.1 (13907608)|STATEMENT_EXECUTE|[3]
05:24:38.1 (13909511)|STATEMENT_EXECUTE|[4]
05:24:38.1 (13937102)|VARIABLE_SCOPE_BEGIN|[4]|req|System.HttpRequest|true|false
05:24:38.1 (14206561)|VARIABLE_ASSIGNMENT|[4]|req|"System.HttpRequest[Endpoint=null, Method=null]"|0x2b42c7a7
05:24:38.1 (14222465)|STATEMENT_EXECUTE|[5]
05:24:38.1 (14253235)|VARIABLE_SCOPE_BEGIN|[5]|res|System.HttpResponse|true|false
05:24:38.1 (14347621)|VARIABLE_ASSIGNMENT|[5]|res|"System.HttpResponse[Status=null, StatusCode=0]"|0x6498e7e8
05:24:38.1 (14358746)|STATEMENT_EXECUTE|[6]
05:24:38.1 (14372083)|VARIABLE_SCOPE_BEGIN|[6]|http|System.Http|true|false
05:24:38.1 (14431207)|VARIABLE_ASSIGNMENT|[6]|http|"System.Http[]"|0x66190241
05:24:38.1 (14440859)|STATEMENT_EXECUTE|[7]
05:24:38.1 (14445926)|HEAP_ALLOCATE|[7]|Bytes:48
05:24:38.1 (14562914)|STATEMENT_EXECUTE|[8]
05:24:38.1 (14566417)|HEAP_ALLOCATE|[8]|Bytes:3
05:24:38.1 (14596987)|STATEMENT_EXECUTE|[9]
05:24:38.1 (14683408)|CALLOUT_REQUEST|[9]|System.HttpRequest[Endpoint=https://postman-echo.com/get?foo1=bar1&foo2=bar2, Method=GET]
05:24:38.1 (698451582)|HEAP_ALLOCATE|[EXTERNAL]|Bytes:796
05:24:39.51 (1051904206)|CALLOUT_RESPONSE|[9]|System.HttpResponse[Status=OK, StatusCode=200]
05:24:39.51 (1051939962)|HEAP_ALLOCATE|[9]|Bytes:505
05:24:39.51 (1052084063)|VARIABLE_ASSIGNMENT|[9]|res|"System.HttpResponse[Status=OK, StatusCode=200]"|0x719fc9a9
05:24:39.51 (1052223526)|HEAP_ALLOCATE|[10]|Bytes:499
05:24:39.51 (1052238868)|STATEMENT_EXECUTE|[10]
05:24:39.51 (1052241806)|STATEMENT_EXECUTE|[11]
05:24:39.51 (1052245480)|HEAP_ALLOCATE|[11]|Bytes:14
05:24:39.51 (1052298544)|HEAP_ALLOCATE|[11]|Bytes:499
05:24:39.51 (1052321535)|HEAP_ALLOCATE|[11]|Bytes:513
05:24:39.51 (1052360028)|USER_DEBUG|[11]|DEBUG|get response :{
  "args": {
    "foo1": "bar1",
    "foo2": "bar2"
  },
  "headers": {
    "x-forwarded-proto": "https",
    "x-forwarded-port": "443",
    "host": "postman-echo.com",
    "x-amzn-trace-id": "Root=1-6443d207-064dcc7a4e6ea06c47205ade",
    "user-agent": "SFDC-Callout/57.0",
    "sfdc_stack_depth": "1",
    "cache-control": "no-cache",
    "pragma": "no-cache",
    "accept": "text/html, image/gif, image/jpeg, *; q=.2, */*; q=.2"
  },
  "url": "https://postman-echo.com/get?foo1=bar1&foo2=bar2"
}
05:24:39.51 (1052378965)|STATEMENT_EXECUTE|[12]
05:24:39.51 (1052382105)|HEAP_ALLOCATE|[12]|Bytes:9
05:24:39.51 (1052436456)|HEAP_ALLOCATE|[12]|Bytes:3
05:24:39.51 (1052455220)|HEAP_ALLOCATE|[12]|Bytes:12
05:24:39.51 (1052468343)|USER_DEBUG|[12]|DEBUG|res::::: 200
05:24:39.51 (1052485846)|METHOD_EXIT|[2]|01p5j00000N13Ng|PostManHttpCallout.PostManHttpCallout()
05:24:39.51 (1052503109)|SYSTEM_MODE_EXIT|false
05:24:39.54 (1054771899)|CUMULATIVE_LIMIT_USAGE
05:24:39.54 (1054771899)|LIMIT_USAGE_FOR_NS|(default)|
  Number of SOQL queries: 0 out of 100
  Number of query rows: 0 out of 50000
  Number of SOSL queries: 0 out of 20
  Number of DML statements: 0 out of 150
  Number of Publish Immediate DML: 0 out of 150
  Number of DML rows: 0 out of 10000
  Maximum CPU time: 0 out of 10000
  Maximum heap size: 0 out of 6000000
  Number of callouts: 1 out of 100
  Number of Email Invocations: 0 out of 10
  Number of future calls: 0 out of 50
  Number of queueable jobs added to the queue: 0 out of 50
  Number of Mobile Apex push calls: 0 out of 10

05:24:39.54 (1054771899)|CUMULATIVE_LIMIT_USAGE_END

05:24:39.51 (1054885967)|CODE_UNIT_FINISHED|execute_anonymous_apex
05:24:39.51 (1055414967)|EXECUTION_FINISHED
